<?xml version="1.0" encoding="UTF-8"?>
<!-- Generated by org.testng.reporters.JUnitXMLReporter -->
<testsuite hostname="DESKTOP-GMP1VPB" ignored="0" name="Default test" tests="2" failures="0" timestamp="2020-06-20T13:20:14 IST" time="23.478" errors="0">
  <testcase name="loginUser" time="10.172" classname="com.clearcode.testsuite.orderProduct"/>
  <testcase name="returnProduct" time="0.0" classname="com.clearcode.testsuite.orderProduct">
    <skipped/>
  </testcase> <!-- returnProduct -->
</testsuite> <!-- Default test -->
