<?xml version="1.0" encoding="UTF-8"?>
<!-- Generated by org.testng.reporters.JUnitXMLReporter -->
<testsuite hostname="DESKTOP-GMP1VPB" ignored="0" name="Test" tests="1" failures="1" timestamp="2020-06-22T17:26:44 IST" time="0.317" errors="0">
  <testcase name="AddProduct" time="0.289" classname="com.clearcode.testsuite.AdminModifyOrder">
    <failure type="org.testng.internal.reflect.MethodMatcherException" message="
[public void com.clearcode.testsuite.AdminModifyOrder.AddProduct(java.lang.String,java.lang.String,java.lang.String,java.lang.String)] has no parameters defined but was found to be using a data provider (either explicitly specified or inherited from class level annotation).
Data provider mismatch
Method: AddProduct([Parameter{index=0, type=java.lang.String, declaredAnnotations=[]}, Parameter{index=1, type=java.lang.String, declaredAnnotations=[]}, Parameter{index=2, type=java.lang.String, declaredAnnotations=[]}, Parameter{index=3, type=java.lang.String, declaredAnnotations=[]}])
Arguments: [(java.lang.String) Test Data 1,(java.lang.String) 1,(java.lang.String) Brown T shirt,(java.lang.String) 4,(java.lang.String) ]">
      <![CDATA[org.testng.internal.reflect.MethodMatcherException: 
[public void com.clearcode.testsuite.AdminModifyOrder.AddProduct(java.lang.String,java.lang.String,java.lang.String,java.lang.String)] has no parameters defined but was found to be using a data provider (either explicitly specified or inherited from class level annotation).
Data provider mismatch
Method: AddProduct([Parameter{index=0, type=java.lang.String, declaredAnnotations=[]}, Parameter{index=1, type=java.lang.String, declaredAnnotations=[]}, Parameter{index=2, type=java.lang.String, declaredAnnotations=[]}, Parameter{index=3, type=java.lang.String, declaredAnnotations=[]}])
Arguments: [(java.lang.String) Test Data 1,(java.lang.String) 1,(java.lang.String) Brown T shirt,(java.lang.String) 4,(java.lang.String) ]
at java.util.ArrayList.forEach(Unknown Source)
... Removed 22 stack frames]]>
    </failure>
  </testcase> <!-- AddProduct -->
</testsuite> <!-- Test -->
