<?xml version="1.0" encoding="UTF-8"?>
<!-- Generated by org.testng.reporters.JUnitXMLReporter -->
<testsuite hostname="DESKTOP-GMP1VPB" ignored="0" name="Test" tests="4" failures="0" timestamp="2020-06-23T12:14:08 IST" time="0.418" errors="0">
  <testcase name="@BeforeTest loginUser" time="0.029" classname="com.clearcode.testsuite.orderProduct">
    <failure type="java.lang.NullPointerException">
      <![CDATA[java.lang.NullPointerException
at com.clearcode.utils.WebDriverUtils.navigate(WebDriverUtils.java:92)
at com.clearcode.testsuite.orderProduct.loginUser(orderProduct.java:30)
... Removed 24 stack frames]]>
    </failure>
  </testcase> <!-- @BeforeTest loginUser -->
  <testcase name="returnProduct" time="0.0" classname="com.clearcode.testsuite.orderProduct">
    <skipped/>
  </testcase> <!-- returnProduct -->
  <testcase name="returnProduct" time="0.0" classname="com.clearcode.testsuite.orderProduct">
    <skipped/>
  </testcase> <!-- returnProduct -->
  <testcase name="returnProduct" time="0.0" classname="com.clearcode.testsuite.orderProduct">
    <skipped/>
  </testcase> <!-- returnProduct -->
  <testcase name="returnProduct" time="0.001" classname="com.clearcode.testsuite.orderProduct">
    <skipped/>
  </testcase> <!-- returnProduct -->
</testsuite> <!-- Test -->
