<?xml version="1.0" encoding="UTF-8"?>
<testng-results skipped="0" failed="1" ignored="0" total="1" passed="0">
  <reporter-output>
    <line>
      <![CDATA[STEP1]]>
    </line>
  </reporter-output>
  <suite name="Suite" duration-ms="317" started-at="2020-06-22T17:26:44 IST" finished-at="2020-06-22T17:26:44 IST">
    <groups>
    </groups>
    <test name="Test" duration-ms="317" started-at="2020-06-22T17:26:44 IST" finished-at="2020-06-22T17:26:44 IST">
      <class name="com.clearcode.testsuite.AdminModifyOrder">
        <test-method status="PASS" signature="launch()[pri:0, instance:com.clearcode.testsuite.AdminModifyOrder@64729b1e]" name="launch" is-config="true" duration-ms="6811" started-at="2020-06-22T17:26:37 IST" finished-at="2020-06-22T17:26:44 IST">
          <reporter-output>
            <line>
              <![CDATA[STEP1]]>
            </line>
          </reporter-output>
        </test-method> <!-- launch -->
        <test-method status="FAIL" signature="AddProduct(java.lang.String, java.lang.String, java.lang.String, java.lang.String)[pri:0, instance:com.clearcode.testsuite.AdminModifyOrder@64729b1e]" name="AddProduct" duration-ms="289" started-at="2020-06-22T17:26:44 IST" data-provider="AddProduct" finished-at="2020-06-22T17:26:44 IST">
          <exception class="org.testng.internal.reflect.MethodMatcherException">
            <message>
              <![CDATA[
[public void com.clearcode.testsuite.AdminModifyOrder.AddProduct(java.lang.String,java.lang.String,java.lang.String,java.lang.String)] has no parameters defined but was found to be using a data provider (either explicitly specified or inherited from class level annotation).
Data provider mismatch
Method: AddProduct([Parameter{index=0, type=java.lang.String, declaredAnnotations=[]}, Parameter{index=1, type=java.lang.String, declaredAnnotations=[]}, Parameter{index=2, type=java.lang.String, declaredAnnotations=[]}, Parameter{index=3, type=java.lang.String, declaredAnnotations=[]}])
Arguments: [(java.lang.String) Test Data 1,(java.lang.String) 1,(java.lang.String) Brown T shirt,(java.lang.String) 4,(java.lang.String) ]]]>
            </message>
            <full-stacktrace>
              <![CDATA[org.testng.internal.reflect.MethodMatcherException: 
[public void com.clearcode.testsuite.AdminModifyOrder.AddProduct(java.lang.String,java.lang.String,java.lang.String,java.lang.String)] has no parameters defined but was found to be using a data provider (either explicitly specified or inherited from class level annotation).
Data provider mismatch
Method: AddProduct([Parameter{index=0, type=java.lang.String, declaredAnnotations=[]}, Parameter{index=1, type=java.lang.String, declaredAnnotations=[]}, Parameter{index=2, type=java.lang.String, declaredAnnotations=[]}, Parameter{index=3, type=java.lang.String, declaredAnnotations=[]}])
Arguments: [(java.lang.String) Test Data 1,(java.lang.String) 1,(java.lang.String) Brown T shirt,(java.lang.String) 4,(java.lang.String) ]
at org.testng.internal.reflect.DataProviderMethodMatcher.getConformingArguments(DataProviderMethodMatcher.java:43)
at org.testng.internal.Parameters.injectParameters(Parameters.java:925)
at org.testng.internal.MethodRunner.runInSequence(MethodRunner.java:34)
at org.testng.internal.TestInvoker$MethodInvocationAgent.invoke(TestInvoker.java:804)
at org.testng.internal.TestInvoker.invokeTestMethods(TestInvoker.java:145)
at org.testng.internal.TestMethodWorker.invokeTestMethods(TestMethodWorker.java:146)
at org.testng.internal.TestMethodWorker.run(TestMethodWorker.java:128)
at java.util.ArrayList.forEach(Unknown Source)
at org.testng.TestRunner.privateRun(TestRunner.java:770)
at org.testng.TestRunner.run(TestRunner.java:591)
at org.testng.SuiteRunner.runTest(SuiteRunner.java:402)
at org.testng.SuiteRunner.runSequentially(SuiteRunner.java:396)
at org.testng.SuiteRunner.privateRun(SuiteRunner.java:355)
at org.testng.SuiteRunner.run(SuiteRunner.java:304)
at org.testng.SuiteRunnerWorker.runSuite(SuiteRunnerWorker.java:53)
at org.testng.SuiteRunnerWorker.run(SuiteRunnerWorker.java:96)
at org.testng.TestNG.runSuitesSequentially(TestNG.java:1180)
at org.testng.TestNG.runSuitesLocally(TestNG.java:1102)
at org.testng.TestNG.runSuites(TestNG.java:1032)
at org.testng.TestNG.run(TestNG.java:1000)
at org.testng.remote.AbstractRemoteTestNG.run(AbstractRemoteTestNG.java:115)
at org.testng.remote.RemoteTestNG.initAndRun(RemoteTestNG.java:251)
at org.testng.remote.RemoteTestNG.main(RemoteTestNG.java:77)
]]>
            </full-stacktrace>
          </exception> <!-- org.testng.internal.reflect.MethodMatcherException -->
          <reporter-output>
          </reporter-output>
        </test-method> <!-- AddProduct -->
        <test-method status="PASS" signature="close()[pri:0, instance:com.clearcode.testsuite.AdminModifyOrder@64729b1e]" name="close" is-config="true" duration-ms="1" started-at="2020-06-22T17:26:44 IST" finished-at="2020-06-22T17:26:44 IST">
          <reporter-output>
          </reporter-output>
        </test-method> <!-- close -->
      </class> <!-- com.clearcode.testsuite.AdminModifyOrder -->
    </test> <!-- Test -->
  </suite> <!-- Suite -->
</testng-results>
